---------------------------------------------------------------
[ 2020-06-20T11:31:20+08:00 ] 127.0.0.1 GET test.com/dDROZtcMXF.php/index/login
[运行时间：1.252146s] [吞吐率：0.80req/s] [内存消耗：3,347.49kb] [文件加载：137]
[ info ] [ BEHAVIOR ] Run Closure @app_init [ RunTime:0.000455s ]
[ info ] [ CACHE ] INIT File
[ info ] [ BEHAVIOR ] Run \addons\banip\Banip @app_init [ RunTime:0.047372s ]
[ info ] [ BEHAVIOR ] Run \addons\cms\Cms @app_init [ RunTime:0.016185s ]
[ info ] [ BEHAVIOR ] Run \addons\epay\Epay @app_init [ RunTime:0.000105s ]
[ info ] [ BEHAVIOR ] Run Closure @app_init [ RunTime:0.000144s ]
[ info ] [ LANG ] D:\phpstudy\WWW\test\thinkphp\lang\zh-cn.php
[ info ] [ ROUTE ] array (
  'type' => 'module',
  'module' => 
  array (
    0 => 'admin',
    1 => 'index',
    2 => 'login',
  ),
)
[ info ] [ HEADER ] array (
  'accept-language' => 'zh-CN,zh;q=0.9',
  'accept-encoding' => 'gzip, deflate',
  'accept' => 'text/html,application/xhtml+xml,application/xml;q=0.9,image/webp,image/apng,*/*;q=0.8',
  'user-agent' => 'Mozilla/5.0 (Windows NT 10.0; WOW64) AppleWebKit/537.36 (KHTML, like Gecko) Chrome/63.0.3239.132 Safari/537.36',
  'upgrade-insecure-requests' => '1',
  'connection' => 'keep-alive',
  'host' => 'test.com',
  'content-length' => '',
  'content-type' => '',
)
[ info ] [ PARAM ] array (
)
[ info ] [ LANG ] D:\phpstudy\WWW\test\public/../application/admin\lang\zh-cn.php
[ info ] [ BEHAVIOR ] Run app\common\behavior\Common @module_init [ RunTime:0.035335s ]
[ info ] [ SESSION ] INIT array (
  'id' => '',
  'var_session_id' => '',
  'prefix' => 'think',
  'type' => '',
  'auto_start' => true,
)
[ info ] [ BEHAVIOR ] Run \addons\third\Third @config_init [ RunTime:0.007488s ]
[ info ] [ LANG ] D:\phpstudy\WWW\test\public/../application/admin/lang/zh-cn/index.php
[ info ] [ RUN ] app\admin\controller\Index->login[ D:\phpstudy\WWW\test\application\admin\controller\Index.php ]
[ info ] [ VIEW ] D:\phpstudy\WWW\test\public/../application/admin\view\index\login.html [ array (
  0 => 'breadcrumb',
  1 => 'site',
  2 => 'config',
  3 => 'auth',
  4 => 'admin',
  5 => 'background',
  6 => 'title',
) ]
[ info ] [ BEHAVIOR ] Run \addons\cms\Cms @view_filter [ RunTime:0.000104s ]
[ info ] [ BEHAVIOR ] Run app\admin\behavior\AdminLog @app_end [ RunTime:0.001228s ]
[ info ] [ LOG ] INIT File
---------------------------------------------------------------
[ 2020-06-20T11:31:25+08:00 ] 127.0.0.1 GET test.com/dDROZtcMXF.php/ajax/lang?callback=define&controllername=index&v=1592623880
[运行时间：0.087258s] [吞吐率：11.46req/s] [内存消耗：3,300.45kb] [文件加载：135]
[ info ] [ BEHAVIOR ] Run Closure @app_init [ RunTime:0.000018s ]
[ info ] [ CACHE ] INIT File
[ info ] [ BEHAVIOR ] Run \addons\banip\Banip @app_init [ RunTime:0.002501s ]
[ info ] [ BEHAVIOR ] Run \addons\cms\Cms @app_init [ RunTime:0.000514s ]
[ info ] [ BEHAVIOR ] Run \addons\epay\Epay @app_init [ RunTime:0.000035s ]
[ info ] [ BEHAVIOR ] Run Closure @app_init [ RunTime:0.000051s ]
[ info ] [ LANG ] D:\phpstudy\WWW\test\thinkphp\lang\zh-cn.php
[ info ] [ ROUTE ] array (
  'type' => 'module',
  'module' => 
  array (
    0 => 'admin',
    1 => 'ajax',
    2 => 'lang',
  ),
)
[ info ] [ HEADER ] array (
  'cookie' => 'PHPSESSID=e6mh1j8f5kav81rik8gvigjrco',
  'accept-language' => 'zh-CN,zh;q=0.9',
  'accept-encoding' => 'gzip, deflate',
  'referer' => 'http://test.com/dDROZtcMXF.php/index/login',
  'accept' => '*/*',
  'user-agent' => 'Mozilla/5.0 (Windows NT 10.0; WOW64) AppleWebKit/537.36 (KHTML, like Gecko) Chrome/63.0.3239.132 Safari/537.36',
  'connection' => 'keep-alive',
  'host' => 'test.com',
  'content-length' => '',
  'content-type' => '',
)
[ info ] [ PARAM ] array (
  'callback' => 'define',
  'controllername' => 'index',
  'v' => '1592623880',
)
[ info ] [ LANG ] D:\phpstudy\WWW\test\public/../application/admin\lang\zh-cn.php
[ info ] [ BEHAVIOR ] Run app\common\behavior\Common @module_init [ RunTime:0.001406s ]
[ info ] [ SESSION ] INIT array (
  'id' => '',
  'var_session_id' => '',
  'prefix' => 'think',
  'type' => '',
  'auto_start' => true,
)
[ info ] [ BEHAVIOR ] Run \addons\third\Third @config_init [ RunTime:0.000279s ]
[ info ] [ LANG ] D:\phpstudy\WWW\test\public/../application/admin/lang/zh-cn/ajax.php
[ info ] [ RUN ] app\admin\controller\Ajax->lang[ D:\phpstudy\WWW\test\application\admin\controller\Ajax.php ]
[ info ] [ LANG ] D:\phpstudy\WWW\test\public/../application/admin/lang/zh-cn/index.php
[ info ] [ BEHAVIOR ] Run app\admin\behavior\AdminLog @app_end [ RunTime:0.000243s ]
[ info ] [ LOG ] INIT File
---------------------------------------------------------------
[ 2020-06-20T11:49:58+08:00 ] 127.0.0.1 POST test.com/dDROZtcMXF.php/index/login
[运行时间：0.417720s] [吞吐率：2.39req/s] [内存消耗：4,022.35kb] [文件加载：143]
[ info ] [ BEHAVIOR ] Run Closure @app_init [ RunTime:0.000050s ]
[ info ] [ CACHE ] INIT File
[ info ] [ BEHAVIOR ] Run \addons\banip\Banip @app_init [ RunTime:0.004053s ]
[ info ] [ BEHAVIOR ] Run \addons\cms\Cms @app_init [ RunTime:0.000619s ]
[ info ] [ BEHAVIOR ] Run \addons\epay\Epay @app_init [ RunTime:0.000038s ]
[ info ] [ BEHAVIOR ] Run Closure @app_init [ RunTime:0.000056s ]
[ info ] [ LANG ] D:\phpstudy\WWW\test\thinkphp\lang\zh-cn.php
[ info ] [ ROUTE ] array (
  'type' => 'module',
  'module' => 
  array (
    0 => 'admin',
    1 => 'index',
    2 => 'login',
  ),
)
[ info ] [ HEADER ] array (
  'cookie' => 'thinkphp_show_page_trace=0|0; PHPSESSID=e6mh1j8f5kav81rik8gvigjrco',
  'accept-language' => 'zh-CN,zh;q=0.9',
  'accept-encoding' => 'gzip, deflate',
  'referer' => 'http://test.com/dDROZtcMXF.php/index/login',
  'content-type' => 'application/x-www-form-urlencoded; charset=UTF-8',
  'user-agent' => 'Mozilla/5.0 (Windows NT 10.0; WOW64) AppleWebKit/537.36 (KHTML, like Gecko) Chrome/63.0.3239.132 Safari/537.36',
  'x-requested-with' => 'XMLHttpRequest',
  'origin' => 'http://test.com',
  'accept' => 'application/json, text/javascript, */*; q=0.01',
  'content-length' => '73',
  'connection' => 'keep-alive',
  'host' => 'test.com',
)
[ info ] [ PARAM ] array (
  '__token__' => '16da3f78afc768e6dce4f8238aae359c',
  'username' => 'admin',
  'password' => '123456',
)
[ info ] [ LANG ] D:\phpstudy\WWW\test\public/../application/admin\lang\zh-cn.php
[ info ] [ BEHAVIOR ] Run app\common\behavior\Common @module_init [ RunTime:0.002023s ]
[ info ] [ SESSION ] INIT array (
  'id' => '',
  'var_session_id' => '',
  'prefix' => 'think',
  'type' => '',
  'auto_start' => true,
)
[ info ] [ BEHAVIOR ] Run \addons\third\Third @config_init [ RunTime:0.000412s ]
[ info ] [ LANG ] D:\phpstudy\WWW\test\public/../application/admin/lang/zh-cn/index.php
[ info ] [ RUN ] app\admin\controller\Index->login[ D:\phpstudy\WWW\test\application\admin\controller\Index.php ]
[ info ] [ DB ] INIT mysql
[ info ] [ BEHAVIOR ] Run app\admin\behavior\AdminLog @app_end [ RunTime:0.056281s ]
[ info ] [ LOG ] INIT File
---------------------------------------------------------------
[ 2020-06-20T11:50:00+08:00 ] 127.0.0.1 GET test.com/dDROZtcMXF.php/index/index
[运行时间：2.315145s] [吞吐率：0.43req/s] [内存消耗：4,617.66kb] [文件加载：155]
[ info ] [ BEHAVIOR ] Run Closure @app_init [ RunTime:0.000024s ]
[ info ] [ CACHE ] INIT File
[ info ] [ BEHAVIOR ] Run \addons\banip\Banip @app_init [ RunTime:0.004381s ]
[ info ] [ BEHAVIOR ] Run \addons\cms\Cms @app_init [ RunTime:0.000762s ]
[ info ] [ BEHAVIOR ] Run \addons\epay\Epay @app_init [ RunTime:0.000055s ]
[ info ] [ BEHAVIOR ] Run Closure @app_init [ RunTime:0.000080s ]
[ info ] [ LANG ] D:\phpstudy\WWW\test\thinkphp\lang\zh-cn.php
[ info ] [ ROUTE ] array (
  'type' => 'module',
  'module' => 
  array (
    0 => 'admin',
    1 => 'index',
    2 => 'index',
  ),
)
[ info ] [ HEADER ] array (
  'cookie' => 'thinkphp_show_page_trace=0|0; PHPSESSID=e6mh1j8f5kav81rik8gvigjrco',
  'accept-language' => 'zh-CN,zh;q=0.9',
  'accept-encoding' => 'gzip, deflate',
  'referer' => 'http://test.com/dDROZtcMXF.php/index/login',
  'accept' => 'text/html,application/xhtml+xml,application/xml;q=0.9,image/webp,image/apng,*/*;q=0.8',
  'user-agent' => 'Mozilla/5.0 (Windows NT 10.0; WOW64) AppleWebKit/537.36 (KHTML, like Gecko) Chrome/63.0.3239.132 Safari/537.36',
  'upgrade-insecure-requests' => '1',
  'connection' => 'keep-alive',
  'host' => 'test.com',
  'content-length' => '',
  'content-type' => '',
)
[ info ] [ PARAM ] array (
)
[ info ] [ LANG ] D:\phpstudy\WWW\test\public/../application/admin\lang\zh-cn.php
[ info ] [ BEHAVIOR ] Run app\common\behavior\Common @module_init [ RunTime:0.001429s ]
[ info ] [ SESSION ] INIT array (
  'id' => '',
  'var_session_id' => '',
  'prefix' => 'think',
  'type' => '',
  'auto_start' => true,
)
[ info ] [ DB ] INIT mysql
[ info ] [ BEHAVIOR ] Run \addons\third\Third @config_init [ RunTime:0.000321s ]
[ info ] [ LANG ] D:\phpstudy\WWW\test\public/../application/admin/lang/zh-cn/index.php
[ info ] [ RUN ] app\admin\controller\Index->index[ D:\phpstudy\WWW\test\application\admin\controller\Index.php ]
[ info ] [ VIEW ] D:\phpstudy\WWW\test\public/../application/admin\view\index\index.html [ array (
  0 => 'breadcrumb',
  1 => 'site',
  2 => 'config',
  3 => 'auth',
  4 => 'admin',
  5 => 'menulist',
  6 => 'navlist',
  7 => 'fixedmenu',
  8 => 'referermenu',
  9 => 'title',
) ]
[ info ] [ BEHAVIOR ] Run \addons\cms\Cms @view_filter [ RunTime:0.000053s ]
[ info ] [ BEHAVIOR ] Run app\admin\behavior\AdminLog @app_end [ RunTime:0.000280s ]
[ info ] [ LOG ] INIT File
---------------------------------------------------------------
[ 2020-06-20T11:50:01+08:00 ] 127.0.0.1 GET test.com/dDROZtcMXF.php/dashboard?addtabs=1
[运行时间：0.163966s] [吞吐率：6.10req/s] [内存消耗：4,317.80kb] [文件加载：144]
[ info ] [ BEHAVIOR ] Run Closure @app_init [ RunTime:0.000026s ]
[ info ] [ CACHE ] INIT File
[ info ] [ BEHAVIOR ] Run \addons\banip\Banip @app_init [ RunTime:0.002470s ]
[ info ] [ BEHAVIOR ] Run \addons\cms\Cms @app_init [ RunTime:0.000992s ]
[ info ] [ BEHAVIOR ] Run \addons\epay\Epay @app_init [ RunTime:0.000106s ]
[ info ] [ BEHAVIOR ] Run Closure @app_init [ RunTime:0.000134s ]
[ info ] [ LANG ] D:\phpstudy\WWW\test\thinkphp\lang\zh-cn.php
[ info ] [ ROUTE ] array (
  'type' => 'module',
  'module' => 
  array (
    0 => 'admin',
    1 => 'dashboard',
    2 => NULL,
  ),
)
[ info ] [ HEADER ] array (
  'cookie' => 'PHPSESSID=e6mh1j8f5kav81rik8gvigjrco',
  'accept-language' => 'zh-CN,zh;q=0.9',
  'accept-encoding' => 'gzip, deflate',
  'referer' => 'http://test.com/dDROZtcMXF.php/index/index',
  'accept' => 'text/html,application/xhtml+xml,application/xml;q=0.9,image/webp,image/apng,*/*;q=0.8',
  'user-agent' => 'Mozilla/5.0 (Windows NT 10.0; WOW64) AppleWebKit/537.36 (KHTML, like Gecko) Chrome/63.0.3239.132 Safari/537.36',
  'upgrade-insecure-requests' => '1',
  'connection' => 'keep-alive',
  'host' => 'test.com',
  'content-length' => '',
  'content-type' => '',
)
[ info ] [ PARAM ] array (
  'addtabs' => '1',
)
[ info ] [ LANG ] D:\phpstudy\WWW\test\public/../application/admin\lang\zh-cn.php
[ info ] [ BEHAVIOR ] Run app\common\behavior\Common @module_init [ RunTime:0.002090s ]
[ info ] [ SESSION ] INIT array (
  'id' => '',
  'var_session_id' => '',
  'prefix' => 'think',
  'type' => '',
  'auto_start' => true,
)
[ info ] [ DB ] INIT mysql
[ info ] [ BEHAVIOR ] Run \addons\third\Third @config_init [ RunTime:0.000452s ]
[ info ] [ LANG ] D:\phpstudy\WWW\test\public/../application/admin/lang/zh-cn/dashboard.php
[ info ] [ RUN ] app\admin\controller\Dashboard->index[ D:\phpstudy\WWW\test\application\admin\controller\Dashboard.php ]
[ info ] [ VIEW ] D:\phpstudy\WWW\test\public/../application/admin\view\dashboard\index.html [ array (
  0 => 'breadcrumb',
  1 => 'site',
  2 => 'config',
  3 => 'auth',
  4 => 'admin',
  5 => 'totaluser',
  6 => 'totalviews',
  7 => 'totalorder',
  8 => 'totalorderamount',
  9 => 'todayuserlogin',
  10 => 'todayusersignup',
  11 => 'todayorder',
  12 => 'unsettleorder',
  13 => 'sevendnu',
  14 => 'sevendau',
  15 => 'paylist',
  16 => 'createlist',
  17 => 'addonversion',
  18 => 'uploadmode',
) ]
[ info ] [ BEHAVIOR ] Run \addons\cms\Cms @view_filter [ RunTime:0.000081s ]
[ info ] [ BEHAVIOR ] Run app\admin\behavior\AdminLog @app_end [ RunTime:0.000254s ]
[ info ] [ LOG ] INIT File
---------------------------------------------------------------
[ 2020-06-20T11:50:04+08:00 ] 127.0.0.1 GET test.com/dDROZtcMXF.php/ajax/lang?callback=define&controllername=dashboard&v=1592625000
[运行时间：0.073995s] [吞吐率：13.51req/s] [内存消耗：4,291.88kb] [文件加载：142]
[ info ] [ BEHAVIOR ] Run Closure @app_init [ RunTime:0.000020s ]
[ info ] [ CACHE ] INIT File
[ info ] [ BEHAVIOR ] Run \addons\banip\Banip @app_init [ RunTime:0.002854s ]
[ info ] [ BEHAVIOR ] Run \addons\cms\Cms @app_init [ RunTime:0.000669s ]
[ info ] [ BEHAVIOR ] Run \addons\epay\Epay @app_init [ RunTime:0.000051s ]
[ info ] [ BEHAVIOR ] Run Closure @app_init [ RunTime:0.000076s ]
[ info ] [ LANG ] D:\phpstudy\WWW\test\thinkphp\lang\zh-cn.php
[ info ] [ ROUTE ] array (
  'type' => 'module',
  'module' => 
  array (
    0 => 'admin',
    1 => 'ajax',
    2 => 'lang',
  ),
)
[ info ] [ HEADER ] array (
  'cookie' => 'thinkphp_show_page_trace=0|0; PHPSESSID=e6mh1j8f5kav81rik8gvigjrco',
  'accept-language' => 'zh-CN,zh;q=0.9',
  'accept-encoding' => 'gzip, deflate',
  'referer' => 'http://test.com/dDROZtcMXF.php/dashboard?addtabs=1',
  'accept' => '*/*',
  'user-agent' => 'Mozilla/5.0 (Windows NT 10.0; WOW64) AppleWebKit/537.36 (KHTML, like Gecko) Chrome/63.0.3239.132 Safari/537.36',
  'connection' => 'keep-alive',
  'host' => 'test.com',
  'content-length' => '',
  'content-type' => '',
)
[ info ] [ PARAM ] array (
  'callback' => 'define',
  'controllername' => 'dashboard',
  'v' => '1592625000',
)
[ info ] [ LANG ] D:\phpstudy\WWW\test\public/../application/admin\lang\zh-cn.php
[ info ] [ BEHAVIOR ] Run app\common\behavior\Common @module_init [ RunTime:0.001502s ]
[ info ] [ SESSION ] INIT array (
  'id' => '',
  'var_session_id' => '',
  'prefix' => 'think',
  'type' => '',
  'auto_start' => true,
)
[ info ] [ DB ] INIT mysql
[ info ] [ BEHAVIOR ] Run \addons\third\Third @config_init [ RunTime:0.000311s ]
[ info ] [ LANG ] D:\phpstudy\WWW\test\public/../application/admin/lang/zh-cn/ajax.php
[ info ] [ RUN ] app\admin\controller\Ajax->lang[ D:\phpstudy\WWW\test\application\admin\controller\Ajax.php ]
[ info ] [ LANG ] D:\phpstudy\WWW\test\public/../application/admin/lang/zh-cn/dashboard.php
[ info ] [ BEHAVIOR ] Run app\admin\behavior\AdminLog @app_end [ RunTime:0.000251s ]
[ info ] [ LOG ] INIT File
---------------------------------------------------------------
[ 2020-06-20T11:50:04+08:00 ] 127.0.0.1 GET test.com/dDROZtcMXF.php/ajax/lang?callback=define&controllername=index&v=1592624998
[运行时间：0.068305s] [吞吐率：14.64req/s] [内存消耗：4,293.59kb] [文件加载：142]
[ info ] [ BEHAVIOR ] Run Closure @app_init [ RunTime:0.000025s ]
[ info ] [ CACHE ] INIT File
[ info ] [ BEHAVIOR ] Run \addons\banip\Banip @app_init [ RunTime:0.002496s ]
[ info ] [ BEHAVIOR ] Run \addons\cms\Cms @app_init [ RunTime:0.000529s ]
[ info ] [ BEHAVIOR ] Run \addons\epay\Epay @app_init [ RunTime:0.000040s ]
[ info ] [ BEHAVIOR ] Run Closure @app_init [ RunTime:0.000059s ]
[ info ] [ LANG ] D:\phpstudy\WWW\test\thinkphp\lang\zh-cn.php
[ info ] [ ROUTE ] array (
  'type' => 'module',
  'module' => 
  array (
    0 => 'admin',
    1 => 'ajax',
    2 => 'lang',
  ),
)
[ info ] [ HEADER ] array (
  'cookie' => 'thinkphp_show_page_trace=0|0; PHPSESSID=e6mh1j8f5kav81rik8gvigjrco',
  'accept-language' => 'zh-CN,zh;q=0.9',
  'accept-encoding' => 'gzip, deflate',
  'referer' => 'http://test.com/dDROZtcMXF.php/index/index',
  'accept' => '*/*',
  'user-agent' => 'Mozilla/5.0 (Windows NT 10.0; WOW64) AppleWebKit/537.36 (KHTML, like Gecko) Chrome/63.0.3239.132 Safari/537.36',
  'connection' => 'keep-alive',
  'host' => 'test.com',
  'content-length' => '',
  'content-type' => '',
)
[ info ] [ PARAM ] array (
  'callback' => 'define',
  'controllername' => 'index',
  'v' => '1592624998',
)
[ info ] [ LANG ] D:\phpstudy\WWW\test\public/../application/admin\lang\zh-cn.php
[ info ] [ BEHAVIOR ] Run app\common\behavior\Common @module_init [ RunTime:0.001517s ]
[ info ] [ SESSION ] INIT array (
  'id' => '',
  'var_session_id' => '',
  'prefix' => 'think',
  'type' => '',
  'auto_start' => true,
)
[ info ] [ DB ] INIT mysql
[ info ] [ BEHAVIOR ] Run \addons\third\Third @config_init [ RunTime:0.000346s ]
[ info ] [ LANG ] D:\phpstudy\WWW\test\public/../application/admin/lang/zh-cn/ajax.php
[ info ] [ RUN ] app\admin\controller\Ajax->lang[ D:\phpstudy\WWW\test\application\admin\controller\Ajax.php ]
[ info ] [ LANG ] D:\phpstudy\WWW\test\public/../application/admin/lang/zh-cn/index.php
[ info ] [ BEHAVIOR ] Run app\admin\behavior\AdminLog @app_end [ RunTime:0.000250s ]
[ info ] [ LOG ] INIT File
