---------------------------------------------------------------
[ 2020-06-28T14:56:50+08:00 ] 127.0.0.1 GET test.com/dDROZtcMXF.php/index/login
[运行时间：1.193596s] [吞吐率：0.84req/s] [内存消耗：3,347.49kb] [文件加载：137]
[ info ] [ BEHAVIOR ] Run Closure @app_init [ RunTime:0.000250s ]
[ info ] [ CACHE ] INIT File
[ info ] [ BEHAVIOR ] Run \addons\banip\Banip @app_init [ RunTime:0.047331s ]
[ info ] [ BEHAVIOR ] Run \addons\cms\Cms @app_init [ RunTime:0.017147s ]
[ info ] [ BEHAVIOR ] Run \addons\epay\Epay @app_init [ RunTime:0.000117s ]
[ info ] [ BEHAVIOR ] Run Closure @app_init [ RunTime:0.000160s ]
[ info ] [ LANG ] D:\phpstudy\WWW\test\thinkphp\lang\zh-cn.php
[ info ] [ ROUTE ] array (
  'type' => 'module',
  'module' => 
  array (
    0 => 'admin',
    1 => 'index',
    2 => 'login',
  ),
)
[ info ] [ HEADER ] array (
  'accept-language' => 'zh-CN,zh;q=0.9',
  'accept-encoding' => 'gzip, deflate',
  'accept' => 'text/html,application/xhtml+xml,application/xml;q=0.9,image/webp,image/apng,*/*;q=0.8',
  'user-agent' => 'Mozilla/5.0 (Windows NT 10.0; WOW64) AppleWebKit/537.36 (KHTML, like Gecko) Chrome/63.0.3239.132 Safari/537.36',
  'upgrade-insecure-requests' => '1',
  'connection' => 'keep-alive',
  'host' => 'test.com',
  'content-length' => '',
  'content-type' => '',
)
[ info ] [ PARAM ] array (
)
[ info ] [ LANG ] D:\phpstudy\WWW\test\public/../application/admin\lang\zh-cn.php
[ info ] [ BEHAVIOR ] Run app\common\behavior\Common @module_init [ RunTime:0.043658s ]
[ info ] [ SESSION ] INIT array (
  'id' => '',
  'var_session_id' => '',
  'prefix' => 'think',
  'type' => '',
  'auto_start' => true,
)
[ info ] [ BEHAVIOR ] Run \addons\third\Third @config_init [ RunTime:0.009525s ]
[ info ] [ LANG ] D:\phpstudy\WWW\test\public/../application/admin/lang/zh-cn/index.php
[ info ] [ RUN ] app\admin\controller\Index->login[ D:\phpstudy\WWW\test\application\admin\controller\Index.php ]
[ info ] [ VIEW ] D:\phpstudy\WWW\test\public/../application/admin\view\index\login.html [ array (
  0 => 'breadcrumb',
  1 => 'site',
  2 => 'config',
  3 => 'auth',
  4 => 'admin',
  5 => 'background',
  6 => 'title',
) ]
[ info ] [ BEHAVIOR ] Run \addons\cms\Cms @view_filter [ RunTime:0.000056s ]
[ info ] [ BEHAVIOR ] Run app\admin\behavior\AdminLog @app_end [ RunTime:0.000549s ]
[ info ] [ LOG ] INIT File
---------------------------------------------------------------
[ 2020-06-28T14:56:53+08:00 ] 127.0.0.1 GET test.com/dDROZtcMXF.php/ajax/lang?callback=define&controllername=index&v=1593327410
[运行时间：0.070842s] [吞吐率：14.12req/s] [内存消耗：3,300.45kb] [文件加载：135]
[ info ] [ BEHAVIOR ] Run Closure @app_init [ RunTime:0.000019s ]
[ info ] [ CACHE ] INIT File
[ info ] [ BEHAVIOR ] Run \addons\banip\Banip @app_init [ RunTime:0.002519s ]
[ info ] [ BEHAVIOR ] Run \addons\cms\Cms @app_init [ RunTime:0.000515s ]
[ info ] [ BEHAVIOR ] Run \addons\epay\Epay @app_init [ RunTime:0.000036s ]
[ info ] [ BEHAVIOR ] Run Closure @app_init [ RunTime:0.000052s ]
[ info ] [ LANG ] D:\phpstudy\WWW\test\thinkphp\lang\zh-cn.php
[ info ] [ ROUTE ] array (
  'type' => 'module',
  'module' => 
  array (
    0 => 'admin',
    1 => 'ajax',
    2 => 'lang',
  ),
)
[ info ] [ HEADER ] array (
  'cookie' => 'PHPSESSID=gt66l8p45ag89csrkl9liiv8dv',
  'accept-language' => 'zh-CN,zh;q=0.9',
  'accept-encoding' => 'gzip, deflate',
  'referer' => 'http://test.com/dDROZtcMXF.php/index/login',
  'accept' => '*/*',
  'user-agent' => 'Mozilla/5.0 (Windows NT 10.0; WOW64) AppleWebKit/537.36 (KHTML, like Gecko) Chrome/63.0.3239.132 Safari/537.36',
  'connection' => 'keep-alive',
  'host' => 'test.com',
  'content-length' => '',
  'content-type' => '',
)
[ info ] [ PARAM ] array (
  'callback' => 'define',
  'controllername' => 'index',
  'v' => '1593327410',
)
[ info ] [ LANG ] D:\phpstudy\WWW\test\public/../application/admin\lang\zh-cn.php
[ info ] [ BEHAVIOR ] Run app\common\behavior\Common @module_init [ RunTime:0.001844s ]
[ info ] [ SESSION ] INIT array (
  'id' => '',
  'var_session_id' => '',
  'prefix' => 'think',
  'type' => '',
  'auto_start' => true,
)
[ info ] [ BEHAVIOR ] Run \addons\third\Third @config_init [ RunTime:0.000418s ]
[ info ] [ LANG ] D:\phpstudy\WWW\test\public/../application/admin/lang/zh-cn/ajax.php
[ info ] [ RUN ] app\admin\controller\Ajax->lang[ D:\phpstudy\WWW\test\application\admin\controller\Ajax.php ]
[ info ] [ LANG ] D:\phpstudy\WWW\test\public/../application/admin/lang/zh-cn/index.php
[ info ] [ BEHAVIOR ] Run app\admin\behavior\AdminLog @app_end [ RunTime:0.000298s ]
[ info ] [ LOG ] INIT File
---------------------------------------------------------------
[ 2020-06-28T15:28:59+08:00 ] 127.0.0.1 POST test.com/dDROZtcMXF.php/index/login
[运行时间：0.361748s] [吞吐率：2.76req/s] [内存消耗：4,022.35kb] [文件加载：143]
[ info ] [ BEHAVIOR ] Run Closure @app_init [ RunTime:0.000023s ]
[ info ] [ CACHE ] INIT File
[ info ] [ BEHAVIOR ] Run \addons\banip\Banip @app_init [ RunTime:0.003404s ]
[ info ] [ BEHAVIOR ] Run \addons\cms\Cms @app_init [ RunTime:0.000675s ]
[ info ] [ BEHAVIOR ] Run \addons\epay\Epay @app_init [ RunTime:0.000036s ]
[ info ] [ BEHAVIOR ] Run Closure @app_init [ RunTime:0.000053s ]
[ info ] [ LANG ] D:\phpstudy\WWW\test\thinkphp\lang\zh-cn.php
[ info ] [ ROUTE ] array (
  'type' => 'module',
  'module' => 
  array (
    0 => 'admin',
    1 => 'index',
    2 => 'login',
  ),
)
[ info ] [ HEADER ] array (
  'cookie' => 'thinkphp_show_page_trace=0|0; PHPSESSID=gt66l8p45ag89csrkl9liiv8dv',
  'accept-language' => 'zh-CN,zh;q=0.9',
  'accept-encoding' => 'gzip, deflate',
  'referer' => 'http://test.com/dDROZtcMXF.php/index/login',
  'content-type' => 'application/x-www-form-urlencoded; charset=UTF-8',
  'user-agent' => 'Mozilla/5.0 (Windows NT 10.0; WOW64) AppleWebKit/537.36 (KHTML, like Gecko) Chrome/63.0.3239.132 Safari/537.36',
  'x-requested-with' => 'XMLHttpRequest',
  'origin' => 'http://test.com',
  'accept' => 'application/json, text/javascript, */*; q=0.01',
  'content-length' => '73',
  'connection' => 'keep-alive',
  'host' => 'test.com',
)
[ info ] [ PARAM ] array (
  '__token__' => '42a41cef4414e99d8119670fa3e45047',
  'username' => 'admin',
  'password' => '123456',
)
[ info ] [ LANG ] D:\phpstudy\WWW\test\public/../application/admin\lang\zh-cn.php
[ info ] [ BEHAVIOR ] Run app\common\behavior\Common @module_init [ RunTime:0.002102s ]
[ info ] [ SESSION ] INIT array (
  'id' => '',
  'var_session_id' => '',
  'prefix' => 'think',
  'type' => '',
  'auto_start' => true,
)
[ info ] [ BEHAVIOR ] Run \addons\third\Third @config_init [ RunTime:0.000392s ]
[ info ] [ LANG ] D:\phpstudy\WWW\test\public/../application/admin/lang/zh-cn/index.php
[ info ] [ RUN ] app\admin\controller\Index->login[ D:\phpstudy\WWW\test\application\admin\controller\Index.php ]
[ info ] [ DB ] INIT mysql
[ info ] [ BEHAVIOR ] Run app\admin\behavior\AdminLog @app_end [ RunTime:0.064745s ]
[ info ] [ LOG ] INIT File
---------------------------------------------------------------
[ 2020-06-28T15:29:02+08:00 ] 127.0.0.1 GET test.com/dDROZtcMXF.php/index/index
[运行时间：2.116585s] [吞吐率：0.47req/s] [内存消耗：4,617.66kb] [文件加载：155]
[ info ] [ BEHAVIOR ] Run Closure @app_init [ RunTime:0.000022s ]
[ info ] [ CACHE ] INIT File
[ info ] [ BEHAVIOR ] Run \addons\banip\Banip @app_init [ RunTime:0.002680s ]
[ info ] [ BEHAVIOR ] Run \addons\cms\Cms @app_init [ RunTime:0.000582s ]
[ info ] [ BEHAVIOR ] Run \addons\epay\Epay @app_init [ RunTime:0.000057s ]
[ info ] [ BEHAVIOR ] Run Closure @app_init [ RunTime:0.000095s ]
[ info ] [ LANG ] D:\phpstudy\WWW\test\thinkphp\lang\zh-cn.php
[ info ] [ ROUTE ] array (
  'type' => 'module',
  'module' => 
  array (
    0 => 'admin',
    1 => 'index',
    2 => 'index',
  ),
)
[ info ] [ HEADER ] array (
  'cookie' => 'thinkphp_show_page_trace=0|0; PHPSESSID=gt66l8p45ag89csrkl9liiv8dv',
  'accept-language' => 'zh-CN,zh;q=0.9',
  'accept-encoding' => 'gzip, deflate',
  'referer' => 'http://test.com/dDROZtcMXF.php/index/login',
  'accept' => 'text/html,application/xhtml+xml,application/xml;q=0.9,image/webp,image/apng,*/*;q=0.8',
  'user-agent' => 'Mozilla/5.0 (Windows NT 10.0; WOW64) AppleWebKit/537.36 (KHTML, like Gecko) Chrome/63.0.3239.132 Safari/537.36',
  'upgrade-insecure-requests' => '1',
  'connection' => 'keep-alive',
  'host' => 'test.com',
  'content-length' => '',
  'content-type' => '',
)
[ info ] [ PARAM ] array (
)
[ info ] [ LANG ] D:\phpstudy\WWW\test\public/../application/admin\lang\zh-cn.php
[ info ] [ BEHAVIOR ] Run app\common\behavior\Common @module_init [ RunTime:0.001413s ]
[ info ] [ SESSION ] INIT array (
  'id' => '',
  'var_session_id' => '',
  'prefix' => 'think',
  'type' => '',
  'auto_start' => true,
)
[ info ] [ DB ] INIT mysql
[ info ] [ BEHAVIOR ] Run \addons\third\Third @config_init [ RunTime:0.000292s ]
[ info ] [ LANG ] D:\phpstudy\WWW\test\public/../application/admin/lang/zh-cn/index.php
[ info ] [ RUN ] app\admin\controller\Index->index[ D:\phpstudy\WWW\test\application\admin\controller\Index.php ]
[ info ] [ VIEW ] D:\phpstudy\WWW\test\public/../application/admin\view\index\index.html [ array (
  0 => 'breadcrumb',
  1 => 'site',
  2 => 'config',
  3 => 'auth',
  4 => 'admin',
  5 => 'menulist',
  6 => 'navlist',
  7 => 'fixedmenu',
  8 => 'referermenu',
  9 => 'title',
) ]
[ info ] [ BEHAVIOR ] Run \addons\cms\Cms @view_filter [ RunTime:0.000052s ]
[ info ] [ BEHAVIOR ] Run app\admin\behavior\AdminLog @app_end [ RunTime:0.000259s ]
[ info ] [ LOG ] INIT File
---------------------------------------------------------------
[ 2020-06-28T15:29:02+08:00 ] 127.0.0.1 GET test.com/dDROZtcMXF.php/dashboard?addtabs=1
[运行时间：0.172730s] [吞吐率：5.79req/s] [内存消耗：4,317.80kb] [文件加载：144]
[ info ] [ BEHAVIOR ] Run Closure @app_init [ RunTime:0.000023s ]
[ info ] [ CACHE ] INIT File
[ info ] [ BEHAVIOR ] Run \addons\banip\Banip @app_init [ RunTime:0.002473s ]
[ info ] [ BEHAVIOR ] Run \addons\cms\Cms @app_init [ RunTime:0.000547s ]
[ info ] [ BEHAVIOR ] Run \addons\epay\Epay @app_init [ RunTime:0.000035s ]
[ info ] [ BEHAVIOR ] Run Closure @app_init [ RunTime:0.000052s ]
[ info ] [ LANG ] D:\phpstudy\WWW\test\thinkphp\lang\zh-cn.php
[ info ] [ ROUTE ] array (
  'type' => 'module',
  'module' => 
  array (
    0 => 'admin',
    1 => 'dashboard',
    2 => NULL,
  ),
)
[ info ] [ HEADER ] array (
  'cookie' => 'PHPSESSID=gt66l8p45ag89csrkl9liiv8dv',
  'accept-language' => 'zh-CN,zh;q=0.9',
  'accept-encoding' => 'gzip, deflate',
  'referer' => 'http://test.com/dDROZtcMXF.php/index/index',
  'accept' => 'text/html,application/xhtml+xml,application/xml;q=0.9,image/webp,image/apng,*/*;q=0.8',
  'user-agent' => 'Mozilla/5.0 (Windows NT 10.0; WOW64) AppleWebKit/537.36 (KHTML, like Gecko) Chrome/63.0.3239.132 Safari/537.36',
  'upgrade-insecure-requests' => '1',
  'connection' => 'keep-alive',
  'host' => 'test.com',
  'content-length' => '',
  'content-type' => '',
)
[ info ] [ PARAM ] array (
  'addtabs' => '1',
)
[ info ] [ LANG ] D:\phpstudy\WWW\test\public/../application/admin\lang\zh-cn.php
[ info ] [ BEHAVIOR ] Run app\common\behavior\Common @module_init [ RunTime:0.001504s ]
[ info ] [ SESSION ] INIT array (
  'id' => '',
  'var_session_id' => '',
  'prefix' => 'think',
  'type' => '',
  'auto_start' => true,
)
[ info ] [ DB ] INIT mysql
[ info ] [ BEHAVIOR ] Run \addons\third\Third @config_init [ RunTime:0.000444s ]
[ info ] [ LANG ] D:\phpstudy\WWW\test\public/../application/admin/lang/zh-cn/dashboard.php
[ info ] [ RUN ] app\admin\controller\Dashboard->index[ D:\phpstudy\WWW\test\application\admin\controller\Dashboard.php ]
[ info ] [ VIEW ] D:\phpstudy\WWW\test\public/../application/admin\view\dashboard\index.html [ array (
  0 => 'breadcrumb',
  1 => 'site',
  2 => 'config',
  3 => 'auth',
  4 => 'admin',
  5 => 'totaluser',
  6 => 'totalviews',
  7 => 'totalorder',
  8 => 'totalorderamount',
  9 => 'todayuserlogin',
  10 => 'todayusersignup',
  11 => 'todayorder',
  12 => 'unsettleorder',
  13 => 'sevendnu',
  14 => 'sevendau',
  15 => 'paylist',
  16 => 'createlist',
  17 => 'addonversion',
  18 => 'uploadmode',
) ]
[ info ] [ BEHAVIOR ] Run \addons\cms\Cms @view_filter [ RunTime:0.000059s ]
[ info ] [ BEHAVIOR ] Run app\admin\behavior\AdminLog @app_end [ RunTime:0.000332s ]
[ info ] [ LOG ] INIT File
---------------------------------------------------------------
[ 2020-06-28T15:29:06+08:00 ] 127.0.0.1 GET test.com/dDROZtcMXF.php/ajax/lang?callback=define&controllername=dashboard&v=1593329342
[运行时间：0.135224s] [吞吐率：7.40req/s] [内存消耗：4,291.88kb] [文件加载：142]
[ info ] [ BEHAVIOR ] Run Closure @app_init [ RunTime:0.000022s ]
[ info ] [ CACHE ] INIT File
[ info ] [ BEHAVIOR ] Run \addons\banip\Banip @app_init [ RunTime:0.010298s ]
[ info ] [ BEHAVIOR ] Run \addons\cms\Cms @app_init [ RunTime:0.000913s ]
[ info ] [ BEHAVIOR ] Run \addons\epay\Epay @app_init [ RunTime:0.000062s ]
[ info ] [ BEHAVIOR ] Run Closure @app_init [ RunTime:0.000088s ]
[ info ] [ LANG ] D:\phpstudy\WWW\test\thinkphp\lang\zh-cn.php
[ info ] [ ROUTE ] array (
  'type' => 'module',
  'module' => 
  array (
    0 => 'admin',
    1 => 'ajax',
    2 => 'lang',
  ),
)
[ info ] [ HEADER ] array (
  'cookie' => 'thinkphp_show_page_trace=0|0; PHPSESSID=gt66l8p45ag89csrkl9liiv8dv',
  'accept-language' => 'zh-CN,zh;q=0.9',
  'accept-encoding' => 'gzip, deflate',
  'referer' => 'http://test.com/dDROZtcMXF.php/dashboard?addtabs=1',
  'accept' => '*/*',
  'user-agent' => 'Mozilla/5.0 (Windows NT 10.0; WOW64) AppleWebKit/537.36 (KHTML, like Gecko) Chrome/63.0.3239.132 Safari/537.36',
  'connection' => 'keep-alive',
  'host' => 'test.com',
  'content-length' => '',
  'content-type' => '',
)
[ info ] [ PARAM ] array (
  'callback' => 'define',
  'controllername' => 'dashboard',
  'v' => '1593329342',
)
[ info ] [ LANG ] D:\phpstudy\WWW\test\public/../application/admin\lang\zh-cn.php
[ info ] [ BEHAVIOR ] Run app\common\behavior\Common @module_init [ RunTime:0.001820s ]
[ info ] [ SESSION ] INIT array (
  'id' => '',
  'var_session_id' => '',
  'prefix' => 'think',
  'type' => '',
  'auto_start' => true,
)
[ info ] [ DB ] INIT mysql
[ info ] [ BEHAVIOR ] Run \addons\third\Third @config_init [ RunTime:0.000330s ]
[ info ] [ LANG ] D:\phpstudy\WWW\test\public/../application/admin/lang/zh-cn/ajax.php
[ info ] [ RUN ] app\admin\controller\Ajax->lang[ D:\phpstudy\WWW\test\application\admin\controller\Ajax.php ]
[ info ] [ LANG ] D:\phpstudy\WWW\test\public/../application/admin/lang/zh-cn/dashboard.php
[ info ] [ BEHAVIOR ] Run app\admin\behavior\AdminLog @app_end [ RunTime:0.000354s ]
[ info ] [ LOG ] INIT File
---------------------------------------------------------------
[ 2020-06-28T15:29:06+08:00 ] 127.0.0.1 GET test.com/dDROZtcMXF.php/ajax/lang?callback=define&controllername=index&v=1593329339
[运行时间：0.111057s] [吞吐率：9.00req/s] [内存消耗：4,293.59kb] [文件加载：142]
[ info ] [ BEHAVIOR ] Run Closure @app_init [ RunTime:0.000021s ]
[ info ] [ CACHE ] INIT File
[ info ] [ BEHAVIOR ] Run \addons\banip\Banip @app_init [ RunTime:0.005032s ]
[ info ] [ BEHAVIOR ] Run \addons\cms\Cms @app_init [ RunTime:0.000564s ]
[ info ] [ BEHAVIOR ] Run \addons\epay\Epay @app_init [ RunTime:0.000042s ]
[ info ] [ BEHAVIOR ] Run Closure @app_init [ RunTime:0.000062s ]
[ info ] [ LANG ] D:\phpstudy\WWW\test\thinkphp\lang\zh-cn.php
[ info ] [ ROUTE ] array (
  'type' => 'module',
  'module' => 
  array (
    0 => 'admin',
    1 => 'ajax',
    2 => 'lang',
  ),
)
[ info ] [ HEADER ] array (
  'cookie' => 'thinkphp_show_page_trace=0|0; PHPSESSID=gt66l8p45ag89csrkl9liiv8dv',
  'accept-language' => 'zh-CN,zh;q=0.9',
  'accept-encoding' => 'gzip, deflate',
  'referer' => 'http://test.com/dDROZtcMXF.php/index/index',
  'accept' => '*/*',
  'user-agent' => 'Mozilla/5.0 (Windows NT 10.0; WOW64) AppleWebKit/537.36 (KHTML, like Gecko) Chrome/63.0.3239.132 Safari/537.36',
  'connection' => 'keep-alive',
  'host' => 'test.com',
  'content-length' => '',
  'content-type' => '',
)
[ info ] [ PARAM ] array (
  'callback' => 'define',
  'controllername' => 'index',
  'v' => '1593329339',
)
[ info ] [ LANG ] D:\phpstudy\WWW\test\public/../application/admin\lang\zh-cn.php
[ info ] [ BEHAVIOR ] Run app\common\behavior\Common @module_init [ RunTime:0.001800s ]
[ info ] [ SESSION ] INIT array (
  'id' => '',
  'var_session_id' => '',
  'prefix' => 'think',
  'type' => '',
  'auto_start' => true,
)
[ info ] [ DB ] INIT mysql
[ info ] [ BEHAVIOR ] Run \addons\third\Third @config_init [ RunTime:0.000344s ]
[ info ] [ LANG ] D:\phpstudy\WWW\test\public/../application/admin/lang/zh-cn/ajax.php
[ info ] [ RUN ] app\admin\controller\Ajax->lang[ D:\phpstudy\WWW\test\application\admin\controller\Ajax.php ]
[ info ] [ LANG ] D:\phpstudy\WWW\test\public/../application/admin/lang/zh-cn/index.php
[ info ] [ BEHAVIOR ] Run app\admin\behavior\AdminLog @app_end [ RunTime:0.000241s ]
[ info ] [ LOG ] INIT File
